{"/Users/enesy/Documents/github/Website-Demo/Backend/src/model/AdminModel.ts": {"path":"/Users/enesy/Documents/github/Website-Demo/Backend/src/model/AdminModel.ts","statementMap":{"0":{"start":{"line":1,"column":0},"end":{"line":1,"column":34}},"1":{"start":{"line":2,"column":0},"end":{"line":2,"column":42}},"2":{"start":{"line":8,"column":22},"end":{"line":10,"column":4}},"3":{"start":{"line":12,"column":15},"end":{"line":12,"column":72}}},"fnMap":{},"branchMap":{},"s":{"0":1,"1":1,"2":1,"3":1},"f":{},"b":{}}
,"/Users/enesy/Documents/github/Website-Demo/Backend/src/model/BuyerModel.ts": {"path":"/Users/enesy/Documents/github/Website-Demo/Backend/src/model/BuyerModel.ts","statementMap":{"0":{"start":{"line":1,"column":0},"end":{"line":1,"column":34}},"1":{"start":{"line":2,"column":0},"end":{"line":2,"column":42}},"2":{"start":{"line":9,"column":22},"end":{"line":12,"column":4}},"3":{"start":{"line":14,"column":15},"end":{"line":14,"column":72}}},"fnMap":{},"branchMap":{},"s":{"0":1,"1":1,"2":1,"3":1},"f":{},"b":{}}
,"/Users/enesy/Documents/github/Website-Demo/Backend/src/model/CategoryModel.ts": {"path":"/Users/enesy/Documents/github/Website-Demo/Backend/src/model/CategoryModel.ts","statementMap":{"0":{"start":{"line":1,"column":0},"end":{"line":1,"column":48}},"1":{"start":{"line":10,"column":23},"end":{"line":13,"column":2}},"2":{"start":{"line":15,"column":13},"end":{"line":15,"column":84}}},"fnMap":{},"branchMap":{},"s":{"0":1,"1":1,"2":1},"f":{},"b":{}}
,"/Users/enesy/Documents/github/Website-Demo/Backend/src/model/OrderModel.ts": {"path":"/Users/enesy/Documents/github/Website-Demo/Backend/src/model/OrderModel.ts","statementMap":{"0":{"start":{"line":1,"column":0},"end":{"line":1,"column":48}},"1":{"start":{"line":13,"column":20},"end":{"line":25,"column":null}},"2":{"start":{"line":28,"column":13},"end":{"line":28,"column":69}}},"fnMap":{},"branchMap":{},"s":{"0":1,"1":1,"2":1},"f":{},"b":{}}
,"/Users/enesy/Documents/github/Website-Demo/Backend/src/model/SellerModel.ts": {"path":"/Users/enesy/Documents/github/Website-Demo/Backend/src/model/SellerModel.ts","statementMap":{"0":{"start":{"line":1,"column":0},"end":{"line":1,"column":34}},"1":{"start":{"line":2,"column":0},"end":{"line":2,"column":42}},"2":{"start":{"line":10,"column":23},"end":{"line":14,"column":4}},"3":{"start":{"line":16,"column":15},"end":{"line":16,"column":76}}},"fnMap":{},"branchMap":{},"s":{"0":1,"1":1,"2":1,"3":1},"f":{},"b":{}}
,"/Users/enesy/Documents/github/Website-Demo/Backend/src/model/UserModel.ts": {"path":"/Users/enesy/Documents/github/Website-Demo/Backend/src/model/UserModel.ts","statementMap":{"0":{"start":{"line":1,"column":0},"end":{"line":1,"column":55}},"1":{"start":{"line":2,"column":0},"end":{"line":2,"column":28}},"2":{"start":{"line":17,"column":21},"end":{"line":31,"column":null}},"3":{"start":{"line":34,"column":0},"end":{"line":40,"column":3}},"4":{"start":{"line":35,"column":2},"end":{"line":38,"column":3}},"5":{"start":{"line":36,"column":27},"end":{"line":36,"column":63}},"6":{"start":{"line":37,"column":4},"end":{"line":37,"column":35}},"7":{"start":{"line":39,"column":2},"end":{"line":39,"column":9}},"8":{"start":{"line":42,"column":0},"end":{"line":50,"column":3}},"9":{"start":{"line":43,"column":17},"end":{"line":43,"column":33}},"10":{"start":{"line":44,"column":2},"end":{"line":48,"column":3}},"11":{"start":{"line":45,"column":4},"end":{"line":47,"column":5}},"12":{"start":{"line":46,"column":6},"end":{"line":46,"column":63}},"13":{"start":{"line":49,"column":2},"end":{"line":49,"column":9}},"14":{"start":{"line":52,"column":0},"end":{"line":60,"column":2}},"15":{"start":{"line":55,"column":4},"end":{"line":57,"column":5}},"16":{"start":{"line":56,"column":6},"end":{"line":56,"column":45}},"17":{"start":{"line":58,"column":4},"end":{"line":58,"column":59}},"18":{"start":{"line":62,"column":13},"end":{"line":62,"column":66}}},"fnMap":{"0":{"name":"(anonymous_8)","decl":{"start":{"line":34,"column":25},"end":{"line":34,"column":41}},"loc":{"start":{"line":34,"column":45},"end":{"line":40,"column":2}}},"1":{"name":"(anonymous_10)","decl":{"start":{"line":42,"column":30},"end":{"line":42,"column":46}},"loc":{"start":{"line":42,"column":50},"end":{"line":50,"column":2}}},"2":{"name":"(anonymous_12)","decl":{"start":{"line":54,"column":2},"end":{"line":54,"column":18}},"loc":{"start":{"line":54,"column":42},"end":{"line":59,"column":null}}}},"branchMap":{"0":{"loc":{"start":{"line":35,"column":2},"end":{"line":38,"column":3}},"type":"if","locations":[{"start":{"line":35,"column":2},"end":{"line":38,"column":3}}]},"1":{"loc":{"start":{"line":44,"column":2},"end":{"line":48,"column":3}},"type":"if","locations":[{"start":{"line":44,"column":2},"end":{"line":48,"column":3}}]},"2":{"loc":{"start":{"line":44,"column":6},"end":{"line":44,"column":36}},"type":"binary-expr","locations":[{"start":{"line":44,"column":6},"end":{"line":44,"column":12}},{"start":{"line":44,"column":16},"end":{"line":44,"column":36}}]},"3":{"loc":{"start":{"line":45,"column":4},"end":{"line":47,"column":5}},"type":"if","locations":[{"start":{"line":45,"column":4},"end":{"line":47,"column":5}}]},"4":{"loc":{"start":{"line":55,"column":4},"end":{"line":57,"column":5}},"type":"if","locations":[{"start":{"line":55,"column":4},"end":{"line":57,"column":5}}]},"5":{"loc":{"start":{"line":55,"column":8},"end":{"line":55,"column":62}},"type":"binary-expr","locations":[{"start":{"line":55,"column":8},"end":{"line":55,"column":22}},{"start":{"line":55,"column":26},"end":{"line":55,"column":62}}]}},"s":{"0":5,"1":5,"2":5,"3":5,"4":17,"5":17,"6":17,"7":17,"8":5,"9":0,"10":0,"11":0,"12":0,"13":0,"14":5,"15":0,"16":0,"17":0,"18":5},"f":{"0":17,"1":0,"2":0},"b":{"0":[17],"1":[0],"2":[0,0],"3":[0],"4":[0],"5":[0,0]}}
,"/Users/enesy/Documents/github/Website-Demo/Backend/src/services/AdminService.ts": {"path":"/Users/enesy/Documents/github/Website-Demo/Backend/src/services/AdminService.ts","statementMap":{"0":{"start":{"line":5,"column":0},"end":{"line":5,"column":22}},"1":{"start":{"line":35,"column":0},"end":{"line":35,"column":22}},"2":{"start":{"line":51,"column":0},"end":{"line":51,"column":22}},"3":{"start":{"line":84,"column":0},"end":{"line":84,"column":22}},"4":{"start":{"line":1,"column":0},"end":{"line":1,"column":35}},"5":{"start":{"line":2,"column":0},"end":{"line":2,"column":44}},"6":{"start":{"line":8,"column":2},"end":{"line":32,"column":3}},"7":{"start":{"line":9,"column":26},"end":{"line":11,"column":6}},"8":{"start":{"line":12,"column":4},"end":{"line":14,"column":5}},"9":{"start":{"line":13,"column":6},"end":{"line":13,"column":46}},"10":{"start":{"line":15,"column":18},"end":{"line":21,"column":6}},"11":{"start":{"line":22,"column":4},"end":{"line":28,"column":6}},"12":{"start":{"line":30,"column":4},"end":{"line":30,"column":63}},"13":{"start":{"line":31,"column":4},"end":{"line":31,"column":53}},"14":{"start":{"line":36,"column":2},"end":{"line":48,"column":3}},"15":{"start":{"line":37,"column":19},"end":{"line":37,"column":46}},"16":{"start":{"line":38,"column":27},"end":{"line":44,"column":7}},"17":{"start":{"line":38,"column":50},"end":{"line":44,"column":6}},"18":{"start":{"line":45,"column":4},"end":{"line":45,"column":26}},"19":{"start":{"line":47,"column":4},"end":{"line":47,"column":53}},"20":{"start":{"line":54,"column":2},"end":{"line":56,"column":3}},"21":{"start":{"line":55,"column":4},"end":{"line":55,"column":60}},"22":{"start":{"line":57,"column":2},"end":{"line":81,"column":3}},"23":{"start":{"line":58,"column":18},"end":{"line":66,"column":null}},"24":{"start":{"line":68,"column":4},"end":{"line":70,"column":5}},"25":{"start":{"line":69,"column":6},"end":{"line":69,"column":73}},"26":{"start":{"line":71,"column":4},"end":{"line":77,"column":6}},"27":{"start":{"line":79,"column":4},"end":{"line":79,"column":56}},"28":{"start":{"line":80,"column":4},"end":{"line":80,"column":51}},"29":{"start":{"line":85,"column":2},"end":{"line":87,"column":3}},"30":{"start":{"line":86,"column":4},"end":{"line":86,"column":60}},"31":{"start":{"line":88,"column":2},"end":{"line":103,"column":3}},"32":{"start":{"line":89,"column":18},"end":{"line":89,"column":56}},"33":{"start":{"line":90,"column":4},"end":{"line":92,"column":5}},"34":{"start":{"line":91,"column":6},"end":{"line":91,"column":64}},"35":{"start":{"line":93,"column":4},"end":{"line":99,"column":6}},"36":{"start":{"line":101,"column":4},"end":{"line":101,"column":56}},"37":{"start":{"line":102,"column":4},"end":{"line":102,"column":51}}},"fnMap":{"0":{"name":"createAdmin","decl":{"start":{"line":5,"column":22},"end":{"line":5,"column":33}},"loc":{"start":{"line":6,"column":30},"end":{"line":33,"column":null}}},"1":{"name":"getAllAdmins","decl":{"start":{"line":35,"column":22},"end":{"line":35,"column":34}},"loc":{"start":{"line":35,"column":34},"end":{"line":49,"column":null}}},"2":{"name":"(anonymous_11)","decl":{"start":{"line":38,"column":38},"end":{"line":38,"column":39}},"loc":{"start":{"line":38,"column":50},"end":{"line":44,"column":6}}},"3":{"name":"updateAdmin","decl":{"start":{"line":51,"column":22},"end":{"line":51,"column":33}},"loc":{"start":{"line":52,"column":30},"end":{"line":82,"column":null}}},"4":{"name":"deleteAdmin","decl":{"start":{"line":84,"column":22},"end":{"line":84,"column":33}},"loc":{"start":{"line":84,"column":49},"end":{"line":104,"column":null}}}},"branchMap":{"0":{"loc":{"start":{"line":12,"column":4},"end":{"line":14,"column":5}},"type":"if","locations":[{"start":{"line":12,"column":4},"end":{"line":14,"column":5}}]},"1":{"loc":{"start":{"line":54,"column":2},"end":{"line":56,"column":3}},"type":"if","locations":[{"start":{"line":54,"column":2},"end":{"line":56,"column":3}}]},"2":{"loc":{"start":{"line":63,"column":12},"end":{"line":63,"column":74}},"type":"binary-expr","locations":[{"start":{"line":63,"column":12},"end":{"line":63,"column":34}},{"start":{"line":63,"column":38},"end":{"line":63,"column":74}}]},"3":{"loc":{"start":{"line":68,"column":4},"end":{"line":70,"column":5}},"type":"if","locations":[{"start":{"line":68,"column":4},"end":{"line":70,"column":5}}]},"4":{"loc":{"start":{"line":85,"column":2},"end":{"line":87,"column":3}},"type":"if","locations":[{"start":{"line":85,"column":2},"end":{"line":87,"column":3}}]},"5":{"loc":{"start":{"line":90,"column":4},"end":{"line":92,"column":5}},"type":"if","locations":[{"start":{"line":90,"column":4},"end":{"line":92,"column":5}}]}},"s":{"0":1,"1":1,"2":1,"3":1,"4":1,"5":1,"6":1,"7":1,"8":1,"9":0,"10":1,"11":1,"12":0,"13":0,"14":1,"15":1,"16":1,"17":1,"18":1,"19":0,"20":1,"21":0,"22":1,"23":1,"24":1,"25":0,"26":1,"27":0,"28":0,"29":1,"30":0,"31":1,"32":1,"33":1,"34":0,"35":1,"36":0,"37":0},"f":{"0":1,"1":1,"2":1,"3":1,"4":1},"b":{"0":[0],"1":[0],"2":[1,1],"3":[0],"4":[0],"5":[0]}}
,"/Users/enesy/Documents/github/Website-Demo/Backend/src/services/BuyerService.ts": {"path":"/Users/enesy/Documents/github/Website-Demo/Backend/src/services/BuyerService.ts","statementMap":{"0":{"start":{"line":5,"column":0},"end":{"line":5,"column":22}},"1":{"start":{"line":33,"column":0},"end":{"line":33,"column":22}},"2":{"start":{"line":48,"column":0},"end":{"line":48,"column":22}},"3":{"start":{"line":79,"column":0},"end":{"line":79,"column":22}},"4":{"start":{"line":2,"column":0},"end":{"line":2,"column":44}},"5":{"start":{"line":3,"column":0},"end":{"line":3,"column":35}},"6":{"start":{"line":8,"column":2},"end":{"line":30,"column":3}},"7":{"start":{"line":9,"column":26},"end":{"line":11,"column":6}},"8":{"start":{"line":12,"column":4},"end":{"line":14,"column":5}},"9":{"start":{"line":13,"column":6},"end":{"line":13,"column":46}},"10":{"start":{"line":15,"column":18},"end":{"line":20,"column":6}},"11":{"start":{"line":21,"column":4},"end":{"line":26,"column":6}},"12":{"start":{"line":28,"column":4},"end":{"line":28,"column":64}},"13":{"start":{"line":29,"column":4},"end":{"line":29,"column":54}},"14":{"start":{"line":34,"column":2},"end":{"line":45,"column":3}},"15":{"start":{"line":35,"column":20},"end":{"line":35,"column":47}},"16":{"start":{"line":36,"column":27},"end":{"line":41,"column":7}},"17":{"start":{"line":36,"column":51},"end":{"line":41,"column":6}},"18":{"start":{"line":42,"column":4},"end":{"line":42,"column":26}},"19":{"start":{"line":44,"column":4},"end":{"line":44,"column":55}},"20":{"start":{"line":51,"column":2},"end":{"line":53,"column":3}},"21":{"start":{"line":52,"column":4},"end":{"line":52,"column":63}},"22":{"start":{"line":54,"column":2},"end":{"line":76,"column":3}},"23":{"start":{"line":55,"column":18},"end":{"line":62,"column":null}},"24":{"start":{"line":64,"column":4},"end":{"line":66,"column":5}},"25":{"start":{"line":65,"column":6},"end":{"line":65,"column":76}},"26":{"start":{"line":67,"column":4},"end":{"line":72,"column":6}},"27":{"start":{"line":74,"column":4},"end":{"line":74,"column":59}},"28":{"start":{"line":75,"column":4},"end":{"line":75,"column":54}},"29":{"start":{"line":80,"column":2},"end":{"line":82,"column":3}},"30":{"start":{"line":81,"column":4},"end":{"line":81,"column":63}},"31":{"start":{"line":83,"column":2},"end":{"line":97,"column":3}},"32":{"start":{"line":84,"column":18},"end":{"line":84,"column":56}},"33":{"start":{"line":85,"column":4},"end":{"line":87,"column":5}},"34":{"start":{"line":86,"column":6},"end":{"line":86,"column":67}},"35":{"start":{"line":88,"column":4},"end":{"line":93,"column":6}},"36":{"start":{"line":95,"column":4},"end":{"line":95,"column":59}},"37":{"start":{"line":96,"column":4},"end":{"line":96,"column":54}}},"fnMap":{"0":{"name":"createBuyer","decl":{"start":{"line":5,"column":22},"end":{"line":5,"column":33}},"loc":{"start":{"line":6,"column":30},"end":{"line":31,"column":null}}},"1":{"name":"getAllBuyers","decl":{"start":{"line":33,"column":22},"end":{"line":33,"column":34}},"loc":{"start":{"line":33,"column":34},"end":{"line":46,"column":null}}},"2":{"name":"(anonymous_11)","decl":{"start":{"line":36,"column":39},"end":{"line":36,"column":40}},"loc":{"start":{"line":36,"column":51},"end":{"line":41,"column":6}}},"3":{"name":"updateBuyer","decl":{"start":{"line":48,"column":22},"end":{"line":48,"column":33}},"loc":{"start":{"line":49,"column":30},"end":{"line":77,"column":null}}},"4":{"name":"deleteBuyer","decl":{"start":{"line":79,"column":22},"end":{"line":79,"column":33}},"loc":{"start":{"line":79,"column":49},"end":{"line":98,"column":null}}}},"branchMap":{"0":{"loc":{"start":{"line":12,"column":4},"end":{"line":14,"column":5}},"type":"if","locations":[{"start":{"line":12,"column":4},"end":{"line":14,"column":5}}]},"1":{"loc":{"start":{"line":51,"column":2},"end":{"line":53,"column":3}},"type":"if","locations":[{"start":{"line":51,"column":2},"end":{"line":53,"column":3}}]},"2":{"loc":{"start":{"line":60,"column":12},"end":{"line":60,"column":74}},"type":"binary-expr","locations":[{"start":{"line":60,"column":12},"end":{"line":60,"column":34}},{"start":{"line":60,"column":38},"end":{"line":60,"column":74}}]},"3":{"loc":{"start":{"line":64,"column":4},"end":{"line":66,"column":5}},"type":"if","locations":[{"start":{"line":64,"column":4},"end":{"line":66,"column":5}}]},"4":{"loc":{"start":{"line":80,"column":2},"end":{"line":82,"column":3}},"type":"if","locations":[{"start":{"line":80,"column":2},"end":{"line":82,"column":3}}]},"5":{"loc":{"start":{"line":85,"column":4},"end":{"line":87,"column":5}},"type":"if","locations":[{"start":{"line":85,"column":4},"end":{"line":87,"column":5}}]}},"s":{"0":1,"1":1,"2":1,"3":1,"4":1,"5":1,"6":1,"7":1,"8":1,"9":0,"10":1,"11":1,"12":0,"13":0,"14":1,"15":1,"16":1,"17":2,"18":1,"19":0,"20":1,"21":0,"22":1,"23":1,"24":1,"25":0,"26":1,"27":0,"28":0,"29":1,"30":0,"31":1,"32":1,"33":1,"34":0,"35":1,"36":0,"37":0},"f":{"0":1,"1":1,"2":2,"3":1,"4":1},"b":{"0":[0],"1":[0],"2":[1,1],"3":[0],"4":[0],"5":[0]}}
,"/Users/enesy/Documents/github/Website-Demo/Backend/src/services/CategoryService.ts": {"path":"/Users/enesy/Documents/github/Website-Demo/Backend/src/services/CategoryService.ts","statementMap":{"0":{"start":{"line":5,"column":0},"end":{"line":5,"column":22}},"1":{"start":{"line":28,"column":2},"end":{"line":28,"column":24}},"2":{"start":{"line":42,"column":2},"end":{"line":42,"column":24}},"3":{"start":{"line":70,"column":2},"end":{"line":70,"column":24}},"4":{"start":{"line":1,"column":0},"end":{"line":1,"column":35}},"5":{"start":{"line":2,"column":0},"end":{"line":2,"column":50}},"6":{"start":{"line":8,"column":26},"end":{"line":8,"column":81}},"7":{"start":{"line":9,"column":4},"end":{"line":11,"column":5}},"8":{"start":{"line":10,"column":6},"end":{"line":10,"column":45}},"9":{"start":{"line":12,"column":4},"end":{"line":25,"column":5}},"10":{"start":{"line":13,"column":23},"end":{"line":16,"column":8}},"11":{"start":{"line":17,"column":6},"end":{"line":21,"column":8}},"12":{"start":{"line":23,"column":6},"end":{"line":23,"column":67}},"13":{"start":{"line":24,"column":6},"end":{"line":24,"column":56}},"14":{"start":{"line":29,"column":4},"end":{"line":39,"column":5}},"15":{"start":{"line":30,"column":27},"end":{"line":30,"column":57}},"16":{"start":{"line":31,"column":30},"end":{"line":35,"column":9}},"17":{"start":{"line":31,"column":62},"end":{"line":35,"column":8}},"18":{"start":{"line":36,"column":6},"end":{"line":36,"column":29}},"19":{"start":{"line":38,"column":6},"end":{"line":38,"column":52}},"20":{"start":{"line":45,"column":4},"end":{"line":47,"column":5}},"21":{"start":{"line":46,"column":6},"end":{"line":46,"column":64}},"22":{"start":{"line":48,"column":4},"end":{"line":67,"column":5}},"23":{"start":{"line":49,"column":23},"end":{"line":55,"column":null}},"24":{"start":{"line":57,"column":6},"end":{"line":59,"column":7}},"25":{"start":{"line":58,"column":8},"end":{"line":58,"column":75}},"26":{"start":{"line":60,"column":6},"end":{"line":64,"column":8}},"27":{"start":{"line":66,"column":6},"end":{"line":66,"column":64}},"28":{"start":{"line":71,"column":4},"end":{"line":73,"column":5}},"29":{"start":{"line":72,"column":6},"end":{"line":72,"column":65}},"30":{"start":{"line":75,"column":21},"end":{"line":75,"column":65}},"31":{"start":{"line":77,"column":4},"end":{"line":79,"column":5}},"32":{"start":{"line":78,"column":6},"end":{"line":78,"column":73}},"33":{"start":{"line":81,"column":4},"end":{"line":85,"column":6}}},"fnMap":{"0":{"name":"createCategory","decl":{"start":{"line":5,"column":22},"end":{"line":5,"column":36}},"loc":{"start":{"line":6,"column":38},"end":{"line":26,"column":null}}},"1":{"name":"getAlleCategory","decl":{"start":{"line":28,"column":24},"end":{"line":28,"column":39}},"loc":{"start":{"line":28,"column":39},"end":{"line":40,"column":null}}},"2":{"name":"(anonymous_11)","decl":{"start":{"line":31,"column":47},"end":{"line":31,"column":48}},"loc":{"start":{"line":31,"column":62},"end":{"line":35,"column":8}}},"3":{"name":"updateCategory","decl":{"start":{"line":42,"column":24},"end":{"line":42,"column":38}},"loc":{"start":{"line":43,"column":38},"end":{"line":68,"column":null}}},"4":{"name":"deleteCategory","decl":{"start":{"line":70,"column":24},"end":{"line":70,"column":38}},"loc":{"start":{"line":70,"column":57},"end":{"line":86,"column":null}}}},"branchMap":{"0":{"loc":{"start":{"line":9,"column":4},"end":{"line":11,"column":5}},"type":"if","locations":[{"start":{"line":9,"column":4},"end":{"line":11,"column":5}}]},"1":{"loc":{"start":{"line":18,"column":12},"end":{"line":18,"column":36}},"type":"cond-expr","locations":[{"start":{"line":18,"column":20},"end":{"line":18,"column":22}},{"start":{"line":18,"column":12},"end":{"line":18,"column":36}}]},"2":{"loc":{"start":{"line":18,"column":12},"end":{"line":18,"column":22}},"type":"binary-expr","locations":[{"start":{"line":18,"column":12},"end":{"line":18,"column":22}},{"start":{"line":18,"column":12},"end":{"line":18,"column":22}}]},"3":{"loc":{"start":{"line":32,"column":12},"end":{"line":32,"column":24}},"type":"cond-expr","locations":[{"start":{"line":32,"column":20},"end":{"line":32,"column":22}},{"start":{"line":32,"column":12},"end":{"line":32,"column":24}}]},"4":{"loc":{"start":{"line":32,"column":12},"end":{"line":32,"column":22}},"type":"binary-expr","locations":[{"start":{"line":32,"column":12},"end":{"line":32,"column":22}},{"start":{"line":32,"column":12},"end":{"line":32,"column":22}}]},"5":{"loc":{"start":{"line":45,"column":4},"end":{"line":47,"column":5}},"type":"if","locations":[{"start":{"line":45,"column":4},"end":{"line":47,"column":5}}]},"6":{"loc":{"start":{"line":57,"column":6},"end":{"line":59,"column":7}},"type":"if","locations":[{"start":{"line":57,"column":6},"end":{"line":59,"column":7}}]},"7":{"loc":{"start":{"line":71,"column":4},"end":{"line":73,"column":5}},"type":"if","locations":[{"start":{"line":71,"column":4},"end":{"line":73,"column":5}}]},"8":{"loc":{"start":{"line":77,"column":4},"end":{"line":79,"column":5}},"type":"if","locations":[{"start":{"line":77,"column":4},"end":{"line":79,"column":5}}]}},"s":{"0":1,"1":1,"2":1,"3":1,"4":1,"5":1,"6":5,"7":5,"8":1,"9":4,"10":4,"11":4,"12":0,"13":0,"14":1,"15":1,"16":1,"17":2,"18":1,"19":0,"20":1,"21":0,"22":1,"23":1,"24":1,"25":0,"26":1,"27":0,"28":1,"29":0,"30":1,"31":1,"32":0,"33":1},"f":{"0":5,"1":1,"2":2,"3":1,"4":1},"b":{"0":[1],"1":[0,4],"2":[4,4],"3":[0,2],"4":[2,2],"5":[0],"6":[0],"7":[0],"8":[0]}}
,"/Users/enesy/Documents/github/Website-Demo/Backend/src/services/OrderService.ts": {"path":"/Users/enesy/Documents/github/Website-Demo/Backend/src/services/OrderService.ts","statementMap":{"0":{"start":{"line":6,"column":0},"end":{"line":6,"column":22}},"1":{"start":{"line":31,"column":0},"end":{"line":31,"column":22}},"2":{"start":{"line":48,"column":0},"end":{"line":48,"column":22}},"3":{"start":{"line":82,"column":0},"end":{"line":82,"column":22}},"4":{"start":{"line":1,"column":0},"end":{"line":1,"column":32}},"5":{"start":{"line":2,"column":0},"end":{"line":2,"column":35}},"6":{"start":{"line":3,"column":0},"end":{"line":3,"column":44}},"7":{"start":{"line":9,"column":2},"end":{"line":28,"column":3}},"8":{"start":{"line":10,"column":18},"end":{"line":16,"column":6}},"9":{"start":{"line":17,"column":4},"end":{"line":24,"column":6}},"10":{"start":{"line":26,"column":4},"end":{"line":26,"column":63}},"11":{"start":{"line":27,"column":4},"end":{"line":27,"column":52}},"12":{"start":{"line":32,"column":2},"end":{"line":45,"column":3}},"13":{"start":{"line":33,"column":19},"end":{"line":33,"column":46}},"14":{"start":{"line":34,"column":27},"end":{"line":41,"column":7}},"15":{"start":{"line":34,"column":50},"end":{"line":41,"column":6}},"16":{"start":{"line":42,"column":4},"end":{"line":42,"column":26}},"17":{"start":{"line":44,"column":4},"end":{"line":44,"column":53}},"18":{"start":{"line":51,"column":2},"end":{"line":53,"column":3}},"19":{"start":{"line":52,"column":4},"end":{"line":52,"column":59}},"20":{"start":{"line":54,"column":2},"end":{"line":79,"column":3}},"21":{"start":{"line":55,"column":18},"end":{"line":64,"column":null}},"22":{"start":{"line":66,"column":4},"end":{"line":68,"column":5}},"23":{"start":{"line":67,"column":6},"end":{"line":67,"column":68}},"24":{"start":{"line":69,"column":4},"end":{"line":76,"column":6}},"25":{"start":{"line":78,"column":4},"end":{"line":78,"column":59}},"26":{"start":{"line":83,"column":2},"end":{"line":85,"column":3}},"27":{"start":{"line":84,"column":4},"end":{"line":84,"column":60}},"28":{"start":{"line":87,"column":16},"end":{"line":87,"column":54}},"29":{"start":{"line":89,"column":2},"end":{"line":91,"column":3}},"30":{"start":{"line":90,"column":4},"end":{"line":90,"column":65}},"31":{"start":{"line":93,"column":2},"end":{"line":100,"column":4}}},"fnMap":{"0":{"name":"createOrder","decl":{"start":{"line":6,"column":22},"end":{"line":6,"column":33}},"loc":{"start":{"line":7,"column":31},"end":{"line":29,"column":null}}},"1":{"name":"getAllOrders","decl":{"start":{"line":31,"column":22},"end":{"line":31,"column":34}},"loc":{"start":{"line":31,"column":34},"end":{"line":46,"column":null}}},"2":{"name":"(anonymous_12)","decl":{"start":{"line":34,"column":38},"end":{"line":34,"column":39}},"loc":{"start":{"line":34,"column":50},"end":{"line":41,"column":6}}},"3":{"name":"updateOrder","decl":{"start":{"line":48,"column":22},"end":{"line":48,"column":33}},"loc":{"start":{"line":49,"column":31},"end":{"line":80,"column":null}}},"4":{"name":"deleteOrder","decl":{"start":{"line":82,"column":22},"end":{"line":82,"column":33}},"loc":{"start":{"line":82,"column":49},"end":{"line":101,"column":null}}}},"branchMap":{"0":{"loc":{"start":{"line":18,"column":10},"end":{"line":18,"column":31}},"type":"cond-expr","locations":[{"start":{"line":18,"column":15},"end":{"line":18,"column":17}},{"start":{"line":18,"column":10},"end":{"line":18,"column":31}}]},"1":{"loc":{"start":{"line":18,"column":10},"end":{"line":18,"column":17}},"type":"binary-expr","locations":[{"start":{"line":18,"column":10},"end":{"line":18,"column":17}},{"start":{"line":18,"column":10},"end":{"line":18,"column":17}}]},"2":{"loc":{"start":{"line":51,"column":2},"end":{"line":53,"column":3}},"type":"if","locations":[{"start":{"line":51,"column":2},"end":{"line":53,"column":3}}]},"3":{"loc":{"start":{"line":66,"column":4},"end":{"line":68,"column":5}},"type":"if","locations":[{"start":{"line":66,"column":4},"end":{"line":68,"column":5}}]},"4":{"loc":{"start":{"line":83,"column":2},"end":{"line":85,"column":3}},"type":"if","locations":[{"start":{"line":83,"column":2},"end":{"line":85,"column":3}}]},"5":{"loc":{"start":{"line":89,"column":2},"end":{"line":91,"column":3}},"type":"if","locations":[{"start":{"line":89,"column":2},"end":{"line":91,"column":3}}]}},"s":{"0":1,"1":1,"2":1,"3":1,"4":1,"5":1,"6":1,"7":1,"8":1,"9":1,"10":0,"11":0,"12":1,"13":1,"14":1,"15":1,"16":1,"17":0,"18":1,"19":0,"20":1,"21":1,"22":1,"23":0,"24":1,"25":0,"26":1,"27":0,"28":1,"29":1,"30":0,"31":1},"f":{"0":1,"1":1,"2":1,"3":1,"4":1},"b":{"0":[0,1],"1":[1,1],"2":[0],"3":[0],"4":[0],"5":[0]}}
,"/Users/enesy/Documents/github/Website-Demo/Backend/src/services/SellerService.ts": {"path":"/Users/enesy/Documents/github/Website-Demo/Backend/src/services/SellerService.ts","statementMap":{"0":{"start":{"line":5,"column":0},"end":{"line":5,"column":22}},"1":{"start":{"line":38,"column":0},"end":{"line":38,"column":22}},"2":{"start":{"line":56,"column":0},"end":{"line":56,"column":22}},"3":{"start":{"line":95,"column":0},"end":{"line":95,"column":22}},"4":{"start":{"line":2,"column":0},"end":{"line":2,"column":35}},"5":{"start":{"line":3,"column":0},"end":{"line":3,"column":46}},"6":{"start":{"line":8,"column":2},"end":{"line":35,"column":3}},"7":{"start":{"line":9,"column":27},"end":{"line":11,"column":6}},"8":{"start":{"line":12,"column":4},"end":{"line":14,"column":5}},"9":{"start":{"line":13,"column":6},"end":{"line":13,"column":46}},"10":{"start":{"line":15,"column":19},"end":{"line":23,"column":6}},"11":{"start":{"line":24,"column":4},"end":{"line":31,"column":6}},"12":{"start":{"line":33,"column":4},"end":{"line":33,"column":67}},"13":{"start":{"line":34,"column":4},"end":{"line":34,"column":57}},"14":{"start":{"line":39,"column":2},"end":{"line":53,"column":3}},"15":{"start":{"line":40,"column":20},"end":{"line":40,"column":48}},"16":{"start":{"line":41,"column":28},"end":{"line":49,"column":7}},"17":{"start":{"line":41,"column":53},"end":{"line":49,"column":6}},"18":{"start":{"line":50,"column":4},"end":{"line":50,"column":27}},"19":{"start":{"line":52,"column":4},"end":{"line":52,"column":56}},"20":{"start":{"line":59,"column":2},"end":{"line":61,"column":3}},"21":{"start":{"line":60,"column":4},"end":{"line":60,"column":64}},"22":{"start":{"line":62,"column":2},"end":{"line":92,"column":3}},"23":{"start":{"line":63,"column":22},"end":{"line":69,"column":null}},"24":{"start":{"line":72,"column":21},"end":{"line":75,"column":null}},"25":{"start":{"line":77,"column":4},"end":{"line":79,"column":5}},"26":{"start":{"line":78,"column":6},"end":{"line":78,"column":75}},"27":{"start":{"line":80,"column":4},"end":{"line":88,"column":6}},"28":{"start":{"line":90,"column":4},"end":{"line":90,"column":60}},"29":{"start":{"line":91,"column":4},"end":{"line":91,"column":55}},"30":{"start":{"line":96,"column":2},"end":{"line":98,"column":3}},"31":{"start":{"line":97,"column":4},"end":{"line":97,"column":64}},"32":{"start":{"line":99,"column":2},"end":{"line":116,"column":3}},"33":{"start":{"line":100,"column":19},"end":{"line":100,"column":59}},"34":{"start":{"line":101,"column":4},"end":{"line":103,"column":5}},"35":{"start":{"line":102,"column":6},"end":{"line":102,"column":69}},"36":{"start":{"line":104,"column":4},"end":{"line":112,"column":6}},"37":{"start":{"line":114,"column":4},"end":{"line":114,"column":60}},"38":{"start":{"line":115,"column":4},"end":{"line":115,"column":55}}},"fnMap":{"0":{"name":"createSeller","decl":{"start":{"line":5,"column":22},"end":{"line":5,"column":34}},"loc":{"start":{"line":6,"column":32},"end":{"line":36,"column":null}}},"1":{"name":"getAllSeller","decl":{"start":{"line":38,"column":22},"end":{"line":38,"column":34}},"loc":{"start":{"line":38,"column":34},"end":{"line":54,"column":null}}},"2":{"name":"(anonymous_11)","decl":{"start":{"line":41,"column":40},"end":{"line":41,"column":41}},"loc":{"start":{"line":41,"column":53},"end":{"line":49,"column":6}}},"3":{"name":"updateSeller","decl":{"start":{"line":56,"column":22},"end":{"line":56,"column":34}},"loc":{"start":{"line":57,"column":32},"end":{"line":93,"column":null}}},"4":{"name":"deleteSeller","decl":{"start":{"line":95,"column":22},"end":{"line":95,"column":34}},"loc":{"start":{"line":95,"column":51},"end":{"line":117,"column":null}}}},"branchMap":{"0":{"loc":{"start":{"line":12,"column":4},"end":{"line":14,"column":5}},"type":"if","locations":[{"start":{"line":12,"column":4},"end":{"line":14,"column":5}}]},"1":{"loc":{"start":{"line":59,"column":2},"end":{"line":61,"column":3}},"type":"if","locations":[{"start":{"line":59,"column":2},"end":{"line":61,"column":3}}]},"2":{"loc":{"start":{"line":66,"column":12},"end":{"line":66,"column":76}},"type":"binary-expr","locations":[{"start":{"line":66,"column":12},"end":{"line":66,"column":35}},{"start":{"line":66,"column":39},"end":{"line":66,"column":76}}]},"3":{"loc":{"start":{"line":67,"column":12},"end":{"line":67,"column":76}},"type":"binary-expr","locations":[{"start":{"line":67,"column":12},"end":{"line":67,"column":35}},{"start":{"line":67,"column":39},"end":{"line":67,"column":76}}]},"4":{"loc":{"start":{"line":68,"column":12},"end":{"line":68,"column":85}},"type":"binary-expr","locations":[{"start":{"line":68,"column":12},"end":{"line":68,"column":38}},{"start":{"line":68,"column":42},"end":{"line":68,"column":85}}]},"5":{"loc":{"start":{"line":69,"column":12},"end":{"line":69,"column":84}},"type":"binary-expr","locations":[{"start":{"line":69,"column":12},"end":{"line":69,"column":47}},{"start":{"line":69,"column":51},"end":{"line":69,"column":84}}]},"6":{"loc":{"start":{"line":77,"column":4},"end":{"line":79,"column":5}},"type":"if","locations":[{"start":{"line":77,"column":4},"end":{"line":79,"column":5}}]},"7":{"loc":{"start":{"line":96,"column":2},"end":{"line":98,"column":3}},"type":"if","locations":[{"start":{"line":96,"column":2},"end":{"line":98,"column":3}}]},"8":{"loc":{"start":{"line":101,"column":4},"end":{"line":103,"column":5}},"type":"if","locations":[{"start":{"line":101,"column":4},"end":{"line":103,"column":5}}]}},"s":{"0":1,"1":1,"2":1,"3":1,"4":1,"5":1,"6":1,"7":1,"8":1,"9":0,"10":1,"11":1,"12":0,"13":0,"14":1,"15":1,"16":1,"17":1,"18":1,"19":0,"20":1,"21":0,"22":1,"23":1,"24":1,"25":1,"26":0,"27":1,"28":0,"29":0,"30":1,"31":0,"32":1,"33":1,"34":1,"35":0,"36":1,"37":0,"38":0},"f":{"0":1,"1":1,"2":1,"3":1,"4":1},"b":{"0":[0],"1":[0],"2":[1,1],"3":[1,1],"4":[1,1],"5":[1,0],"6":[0],"7":[0],"8":[0]}}
,"/Users/enesy/Documents/github/Website-Demo/Backend/src/services/UserService.ts": {"path":"/Users/enesy/Documents/github/Website-Demo/Backend/src/services/UserService.ts","statementMap":{"0":{"start":{"line":5,"column":0},"end":{"line":5,"column":22}},"1":{"start":{"line":31,"column":0},"end":{"line":31,"column":22}},"2":{"start":{"line":46,"column":0},"end":{"line":46,"column":22}},"3":{"start":{"line":77,"column":0},"end":{"line":77,"column":22}},"4":{"start":{"line":1,"column":0},"end":{"line":1,"column":35}},"5":{"start":{"line":2,"column":0},"end":{"line":2,"column":42}},"6":{"start":{"line":8,"column":20},"end":{"line":8,"column":69}},"7":{"start":{"line":9,"column":2},"end":{"line":11,"column":3}},"8":{"start":{"line":10,"column":4},"end":{"line":10,"column":44}},"9":{"start":{"line":12,"column":2},"end":{"line":28,"column":3}},"10":{"start":{"line":13,"column":17},"end":{"line":18,"column":6}},"11":{"start":{"line":19,"column":4},"end":{"line":24,"column":6}},"12":{"start":{"line":26,"column":4},"end":{"line":26,"column":54}},"13":{"start":{"line":27,"column":4},"end":{"line":27,"column":43}},"14":{"start":{"line":32,"column":2},"end":{"line":43,"column":3}},"15":{"start":{"line":33,"column":21},"end":{"line":33,"column":47}},"16":{"start":{"line":34,"column":24},"end":{"line":39,"column":7}},"17":{"start":{"line":34,"column":48},"end":{"line":39,"column":6}},"18":{"start":{"line":40,"column":4},"end":{"line":40,"column":23}},"19":{"start":{"line":42,"column":4},"end":{"line":42,"column":46}},"20":{"start":{"line":49,"column":2},"end":{"line":51,"column":3}},"21":{"start":{"line":50,"column":4},"end":{"line":50,"column":58}},"22":{"start":{"line":52,"column":2},"end":{"line":74,"column":3}},"23":{"start":{"line":53,"column":17},"end":{"line":61,"column":null}},"24":{"start":{"line":63,"column":4},"end":{"line":65,"column":5}},"25":{"start":{"line":64,"column":6},"end":{"line":64,"column":65}},"26":{"start":{"line":66,"column":4},"end":{"line":71,"column":6}},"27":{"start":{"line":73,"column":4},"end":{"line":73,"column":58}},"28":{"start":{"line":78,"column":2},"end":{"line":80,"column":3}},"29":{"start":{"line":79,"column":4},"end":{"line":79,"column":59}},"30":{"start":{"line":82,"column":15},"end":{"line":82,"column":51}},"31":{"start":{"line":84,"column":2},"end":{"line":86,"column":3}},"32":{"start":{"line":85,"column":4},"end":{"line":85,"column":63}},"33":{"start":{"line":88,"column":2},"end":{"line":93,"column":4}}},"fnMap":{"0":{"name":"createUser","decl":{"start":{"line":5,"column":22},"end":{"line":5,"column":32}},"loc":{"start":{"line":6,"column":28},"end":{"line":29,"column":null}}},"1":{"name":"getAlleUser","decl":{"start":{"line":31,"column":22},"end":{"line":31,"column":33}},"loc":{"start":{"line":31,"column":33},"end":{"line":44,"column":null}}},"2":{"name":"(anonymous_11)","decl":{"start":{"line":34,"column":37},"end":{"line":34,"column":38}},"loc":{"start":{"line":34,"column":48},"end":{"line":39,"column":6}}},"3":{"name":"updateUser","decl":{"start":{"line":46,"column":22},"end":{"line":46,"column":32}},"loc":{"start":{"line":47,"column":28},"end":{"line":75,"column":null}}},"4":{"name":"deleteUser","decl":{"start":{"line":77,"column":22},"end":{"line":77,"column":32}},"loc":{"start":{"line":77,"column":47},"end":{"line":94,"column":null}}}},"branchMap":{"0":{"loc":{"start":{"line":9,"column":2},"end":{"line":11,"column":3}},"type":"if","locations":[{"start":{"line":9,"column":2},"end":{"line":11,"column":3}}]},"1":{"loc":{"start":{"line":20,"column":10},"end":{"line":20,"column":30}},"type":"cond-expr","locations":[{"start":{"line":20,"column":14},"end":{"line":20,"column":16}},{"start":{"line":20,"column":10},"end":{"line":20,"column":30}}]},"2":{"loc":{"start":{"line":20,"column":10},"end":{"line":20,"column":16}},"type":"binary-expr","locations":[{"start":{"line":20,"column":10},"end":{"line":20,"column":16}},{"start":{"line":20,"column":10},"end":{"line":20,"column":16}}]},"3":{"loc":{"start":{"line":35,"column":10},"end":{"line":35,"column":18}},"type":"cond-expr","locations":[{"start":{"line":35,"column":14},"end":{"line":35,"column":16}},{"start":{"line":35,"column":10},"end":{"line":35,"column":18}}]},"4":{"loc":{"start":{"line":35,"column":10},"end":{"line":35,"column":16}},"type":"binary-expr","locations":[{"start":{"line":35,"column":10},"end":{"line":35,"column":16}},{"start":{"line":35,"column":10},"end":{"line":35,"column":16}}]},"5":{"loc":{"start":{"line":49,"column":2},"end":{"line":51,"column":3}},"type":"if","locations":[{"start":{"line":49,"column":2},"end":{"line":51,"column":3}}]},"6":{"loc":{"start":{"line":63,"column":4},"end":{"line":65,"column":5}},"type":"if","locations":[{"start":{"line":63,"column":4},"end":{"line":65,"column":5}}]},"7":{"loc":{"start":{"line":78,"column":2},"end":{"line":80,"column":3}},"type":"if","locations":[{"start":{"line":78,"column":2},"end":{"line":80,"column":3}}]},"8":{"loc":{"start":{"line":84,"column":2},"end":{"line":86,"column":3}},"type":"if","locations":[{"start":{"line":84,"column":2},"end":{"line":86,"column":3}}]}},"s":{"0":2,"1":2,"2":2,"3":2,"4":2,"5":2,"6":2,"7":2,"8":0,"9":2,"10":2,"11":2,"12":0,"13":0,"14":2,"15":2,"16":2,"17":6,"18":2,"19":0,"20":2,"21":0,"22":2,"23":2,"24":2,"25":0,"26":2,"27":0,"28":2,"29":0,"30":2,"31":2,"32":0,"33":2},"f":{"0":2,"1":2,"2":6,"3":2,"4":2},"b":{"0":[0],"1":[0,2],"2":[2,2],"3":[0,6],"4":[6,6],"5":[0],"6":[0],"7":[0],"8":[0]}}
}
