TN:
SF:src/model/AdminModel.ts
FNF:0
FNH:0
DA:1,1
DA:2,1
DA:8,1
DA:12,1
LF:4
LH:4
BRF:0
BRH:0
end_of_record
TN:
SF:src/model/BuyerModel.ts
FNF:0
FNH:0
DA:1,1
DA:2,1
DA:9,1
DA:14,1
LF:4
LH:4
BRF:0
BRH:0
end_of_record
TN:
SF:src/model/CategoryModel.ts
FNF:0
FNH:0
DA:1,1
DA:10,1
DA:15,1
LF:3
LH:3
BRF:0
BRH:0
end_of_record
TN:
SF:src/model/OrderModel.ts
FNF:0
FNH:0
DA:1,1
DA:13,1
DA:28,1
LF:3
LH:3
BRF:0
BRH:0
end_of_record
TN:
SF:src/model/SellerModel.ts
FNF:0
FNH:0
DA:1,1
DA:2,1
DA:10,1
DA:16,1
LF:4
LH:4
BRF:0
BRH:0
end_of_record
TN:
SF:src/model/UserModel.ts
FN:34,(anonymous_8)
FN:42,(anonymous_10)
FN:54,(anonymous_12)
FNF:3
FNH:1
FNDA:17,(anonymous_8)
FNDA:0,(anonymous_10)
FNDA:0,(anonymous_12)
DA:1,5
DA:2,5
DA:17,5
DA:34,5
DA:35,17
DA:36,17
DA:37,17
DA:39,17
DA:42,5
DA:43,0
DA:44,0
DA:45,0
DA:46,0
DA:49,0
DA:52,5
DA:55,0
DA:56,0
DA:58,0
DA:62,5
LF:19
LH:11
BRDA:35,0,0,17
BRDA:44,1,0,0
BRDA:44,2,0,0
BRDA:44,2,1,0
BRDA:45,3,0,0
BRDA:55,4,0,0
BRDA:55,5,0,0
BRDA:55,5,1,0
BRF:8
BRH:1
end_of_record
TN:
SF:src/services/AdminService.ts
FN:5,createAdmin
FN:35,getAllAdmins
FN:38,(anonymous_11)
FN:51,updateAdmin
FN:84,deleteAdmin
FNF:5
FNH:5
FNDA:1,createAdmin
FNDA:1,getAllAdmins
FNDA:1,(anonymous_11)
FNDA:1,updateAdmin
FNDA:1,deleteAdmin
DA:1,1
DA:2,1
DA:5,1
DA:8,1
DA:9,1
DA:12,1
DA:13,0
DA:15,1
DA:22,1
DA:30,0
DA:31,0
DA:35,1
DA:36,1
DA:37,1
DA:38,1
DA:45,1
DA:47,0
DA:51,1
DA:54,1
DA:55,0
DA:57,1
DA:58,1
DA:68,1
DA:69,0
DA:71,1
DA:79,0
DA:80,0
DA:84,1
DA:85,1
DA:86,0
DA:88,1
DA:89,1
DA:90,1
DA:91,0
DA:93,1
DA:101,0
DA:102,0
LF:37
LH:25
BRDA:12,0,0,0
BRDA:54,1,0,0
BRDA:63,2,0,1
BRDA:63,2,1,1
BRDA:68,3,0,0
BRDA:85,4,0,0
BRDA:90,5,0,0
BRF:7
BRH:2
end_of_record
TN:
SF:src/services/BuyerService.ts
FN:5,createBuyer
FN:33,getAllBuyers
FN:36,(anonymous_11)
FN:48,updateBuyer
FN:79,deleteBuyer
FNF:5
FNH:5
FNDA:1,createBuyer
FNDA:1,getAllBuyers
FNDA:2,(anonymous_11)
FNDA:1,updateBuyer
FNDA:1,deleteBuyer
DA:2,1
DA:3,1
DA:5,1
DA:8,1
DA:9,1
DA:12,1
DA:13,0
DA:15,1
DA:21,1
DA:28,0
DA:29,0
DA:33,1
DA:34,1
DA:35,1
DA:36,2
DA:42,1
DA:44,0
DA:48,1
DA:51,1
DA:52,0
DA:54,1
DA:55,1
DA:64,1
DA:65,0
DA:67,1
DA:74,0
DA:75,0
DA:79,1
DA:80,1
DA:81,0
DA:83,1
DA:84,1
DA:85,1
DA:86,0
DA:88,1
DA:95,0
DA:96,0
LF:37
LH:25
BRDA:12,0,0,0
BRDA:51,1,0,0
BRDA:60,2,0,1
BRDA:60,2,1,1
BRDA:64,3,0,0
BRDA:80,4,0,0
BRDA:85,5,0,0
BRF:7
BRH:2
end_of_record
TN:
SF:src/services/CategoryService.ts
FN:5,createCategory
FN:28,getAlleCategory
FN:31,(anonymous_11)
FN:42,updateCategory
FN:70,deleteCategory
FNF:5
FNH:5
FNDA:5,createCategory
FNDA:1,getAlleCategory
FNDA:2,(anonymous_11)
FNDA:1,updateCategory
FNDA:1,deleteCategory
DA:1,1
DA:2,1
DA:5,1
DA:8,5
DA:9,5
DA:10,1
DA:12,4
DA:13,4
DA:17,4
DA:23,0
DA:24,0
DA:28,1
DA:29,1
DA:30,1
DA:31,2
DA:36,1
DA:38,0
DA:42,1
DA:45,1
DA:46,0
DA:48,1
DA:49,1
DA:57,1
DA:58,0
DA:60,1
DA:66,0
DA:70,1
DA:71,1
DA:72,0
DA:75,1
DA:77,1
DA:78,0
DA:81,1
LF:33
LH:25
BRDA:9,0,0,1
BRDA:18,1,0,0
BRDA:18,1,1,4
BRDA:18,2,0,4
BRDA:18,2,1,4
BRDA:32,3,0,0
BRDA:32,3,1,2
BRDA:32,4,0,2
BRDA:32,4,1,2
BRDA:45,5,0,0
BRDA:57,6,0,0
BRDA:71,7,0,0
BRDA:77,8,0,0
BRF:13
BRH:7
end_of_record
TN:
SF:src/services/OrderService.ts
FN:6,createOrder
FN:31,getAllOrders
FN:34,(anonymous_12)
FN:48,updateOrder
FN:82,deleteOrder
FNF:5
FNH:5
FNDA:1,createOrder
FNDA:1,getAllOrders
FNDA:1,(anonymous_12)
FNDA:1,updateOrder
FNDA:1,deleteOrder
DA:1,1
DA:2,1
DA:3,1
DA:6,1
DA:9,1
DA:10,1
DA:17,1
DA:26,0
DA:27,0
DA:31,1
DA:32,1
DA:33,1
DA:34,1
DA:42,1
DA:44,0
DA:48,1
DA:51,1
DA:52,0
DA:54,1
DA:55,1
DA:66,1
DA:67,0
DA:69,1
DA:78,0
DA:82,1
DA:83,1
DA:84,0
DA:87,1
DA:89,1
DA:90,0
DA:93,1
LF:31
LH:23
BRDA:18,0,0,0
BRDA:18,0,1,1
BRDA:18,1,0,1
BRDA:18,1,1,1
BRDA:51,2,0,0
BRDA:66,3,0,0
BRDA:83,4,0,0
BRDA:89,5,0,0
BRF:8
BRH:3
end_of_record
TN:
SF:src/services/SellerService.ts
FN:5,createSeller
FN:38,getAllSeller
FN:41,(anonymous_11)
FN:56,updateSeller
FN:95,deleteSeller
FNF:5
FNH:5
FNDA:1,createSeller
FNDA:1,getAllSeller
FNDA:1,(anonymous_11)
FNDA:1,updateSeller
FNDA:1,deleteSeller
DA:2,1
DA:3,1
DA:5,1
DA:8,1
DA:9,1
DA:12,1
DA:13,0
DA:15,1
DA:24,1
DA:33,0
DA:34,0
DA:38,1
DA:39,1
DA:40,1
DA:41,1
DA:50,1
DA:52,0
DA:56,1
DA:59,1
DA:60,0
DA:62,1
DA:63,1
DA:72,1
DA:77,1
DA:78,0
DA:80,1
DA:90,0
DA:91,0
DA:95,1
DA:96,1
DA:97,0
DA:99,1
DA:100,1
DA:101,1
DA:102,0
DA:104,1
DA:114,0
DA:115,0
LF:38
LH:26
BRDA:12,0,0,0
BRDA:59,1,0,0
BRDA:66,2,0,1
BRDA:66,2,1,1
BRDA:67,3,0,1
BRDA:67,3,1,1
BRDA:68,4,0,1
BRDA:68,4,1,1
BRDA:69,5,0,1
BRDA:69,5,1,0
BRDA:77,6,0,0
BRDA:96,7,0,0
BRDA:101,8,0,0
BRF:13
BRH:7
end_of_record
TN:
SF:src/services/UserService.ts
FN:5,createUser
FN:31,getAlleUser
FN:34,(anonymous_11)
FN:46,updateUser
FN:77,deleteUser
FNF:5
FNH:5
FNDA:2,createUser
FNDA:2,getAlleUser
FNDA:6,(anonymous_11)
FNDA:2,updateUser
FNDA:2,deleteUser
DA:1,2
DA:2,2
DA:5,2
DA:8,2
DA:9,2
DA:10,0
DA:12,2
DA:13,2
DA:19,2
DA:26,0
DA:27,0
DA:31,2
DA:32,2
DA:33,2
DA:34,6
DA:40,2
DA:42,0
DA:46,2
DA:49,2
DA:50,0
DA:52,2
DA:53,2
DA:63,2
DA:64,0
DA:66,2
DA:73,0
DA:77,2
DA:78,2
DA:79,0
DA:82,2
DA:84,2
DA:85,0
DA:88,2
LF:33
LH:24
BRDA:9,0,0,0
BRDA:20,1,0,0
BRDA:20,1,1,2
BRDA:20,2,0,2
BRDA:20,2,1,2
BRDA:35,3,0,0
BRDA:35,3,1,6
BRDA:35,4,0,6
BRDA:35,4,1,6
BRDA:49,5,0,0
BRDA:63,6,0,0
BRDA:78,7,0,0
BRDA:84,8,0,0
BRF:13
BRH:6
end_of_record
